<?xml version="1.0" encoding="UTF-8"?>
<testsuite xmlns:xsi="http://www.w3.org/2001/XMLSchema-instance" xsi:noNamespaceSchemaLocation="https://maven.apache.org/surefire/maven-surefire-plugin/xsd/surefire-test-report.xsd" version="3.0.2" name="TestRunner.Run" time="19.516" tests="1" errors="0" skipped="0" failures="1">
  <properties>
[...]
</properties>
  <testcase name="Successful Login with Valid Credentials" classname="Login" time="18.876">
    <failure type="java.lang.AssertionError"><![CDATA[java.lang.AssertionError
	at org.junit.Assert.fail(Assert.java:87)
	at org.junit.Assert.assertTrue(Assert.java:42)
	at org.junit.Assert.assertTrue(Assert.java:53)
	at StepDefinition.StepDef.page_title_should_be(StepDef.java:122)
	at ✽.Page Title should be "Dashboard / nopCommerce administration"(file:///C:/AutomationProject2024/BDD%20projects/CucumberFrameWork/./Features/LoginFeature.feature:9)
]]></failure>
    <system-out><![CDATA[
@sanity
Scenario: Successful Login with Valid Credentials                             # Features/LoginFeature.feature:4
Setup method executed...
[DEBUG] Using WebDriverManager 5.9.2
[DEBUG] Resolution chrome=138 in cache (valid until 21:46:02 15/07/2025 IST)
[DEBUG] Resolution chrome138=138.0.7204.94 in cache (valid until 20:46:02 16/07/2025 IST)
[INFO] Using chromedriver 138.0.7204.94 (resolved driver for Chrome 138)
[DEBUG] Driver chromedriver 138.0.7204.94 found in cache
[INFO] Exporting webdriver.chrome.driver as C:\WINDOWS\system32\config\systemprofile\.cache\selenium\chromedriver\win64\138.0.7204.94\chromedriver.exe
  Given User launch Chrome browser                                            # StepDefinition.StepDef.user_launch_chrome_browser()
  When User opens URL "https://admin-demo.nopcommerce.com/login"              # StepDefinition.StepDef.user_opens_url(java.lang.String)
  And User enters Email as "admin@yourstore.com" and Password as "admin12345" # StepDefinition.StepDef.user_enters_email_as_and_password_as(java.lang.String,java.lang.String)
  And Click on Login                                                          # StepDefinition.StepDef.click_on_login()
  Then Page Title should be "Dashboard / nopCommerce administration"          # StepDefinition.StepDef.page_title_should_be(java.lang.String)
      java.lang.AssertionError
	at org.junit.Assert.fail(Assert.java:87)
	at org.junit.Assert.assertTrue(Assert.java:42)
	at org.junit.Assert.assertTrue(Assert.java:53)
	at StepDefinition.StepDef.page_title_should_be(StepDef.java:122)
	at ✽.Page Title should be "Dashboard / nopCommerce administration"(file:///C:/AutomationProject2024/BDD%20projects/CucumberFrameWork/./Features/LoginFeature.feature:9)

  When User click on Log out link                                             # StepDefinition.StepDef.user_click_on_log_out_link()
  And close browser                                                           # StepDefinition.StepDef.close_browser()
]]></system-out>
    <system-err><![CDATA[SLF4J: Class path contains multiple SLF4J bindings.
SLF4J: Found binding in [jar:file:/C:/Windows/system32/config/systemprofile/.m2/repository/ch/qos/logback/logback-classic/1.0.13/logback-classic-1.0.13.jar!/org/slf4j/impl/StaticLoggerBinder.class]
SLF4J: Found binding in [jar:file:/C:/Windows/system32/config/systemprofile/.m2/repository/org/apache/logging/log4j/log4j-slf4j-impl/2.24.1/log4j-slf4j-impl-2.24.1.jar!/org/slf4j/impl/StaticLoggerBinder.class]
SLF4J: See http://www.slf4j.org/codes.html#multiple_bindings for an explanation.
SLF4J: Actual binding is of type [ch.qos.logback.classic.util.ContextSelectorStaticBinder]
Jul 15, 2025 8:57:36 PM org.openqa.selenium.devtools.CdpVersionFinder findNearestMatch
WARNING: Unable to find CDP implementation matching 138
Jul 15, 2025 8:57:36 PM org.openqa.selenium.chromium.ChromiumDriver lambda$new$5
WARNING: Unable to find version of CDP to use for 138.0.7204.101. You may need to include a dependency on a specific version of the CDP using something similar to `org.seleniumhq.selenium:selenium-devtools-v86:4.25.0` where the version ("v86") matches the version of the chromium-based browser you're using and the version number of the artifact is the same as Selenium's.
]]></system-err>
  </testcase>
</testsuite>